<?xml version="1.0" encoding="UTF-8"?>
<coverage generated="1546012794">
  <project timestamp="1546012794">
    <package name="AlecRabbit">
      <file name="/var/www/src/ConsoleColour.php">
        <class name="AlecRabbit\ConsoleColour" namespace="AlecRabbit">
          <metrics complexity="16" methods="8" coveredmethods="8" conditionals="0" coveredconditionals="0" statements="22" coveredstatements="22" elements="30" coveredelements="30"/>
        </class>
        <line num="22" type="method" name="__construct" visibility="public" complexity="2" crap="2" count="46"/>
        <line num="24" type="stmt" count="46"/>
        <line num="25" type="stmt" count="46"/>
        <line num="26" type="stmt" count="46"/>
        <line num="27" type="stmt" count="46"/>
        <line num="29" type="method" name="force256Colors" visibility="public" complexity="3" crap="3" count="2"/>
        <line num="31" type="stmt" count="2"/>
        <line num="32" type="stmt" count="2"/>
        <line num="34" type="stmt" count="2"/>
        <line num="37" type="method" name="are256ColorsForced" visibility="public" complexity="1" crap="1" count="2"/>
        <line num="39" type="stmt" count="2"/>
        <line num="42" type="method" name="are256ColorsSupported" visibility="public" complexity="3" crap="3" count="2"/>
        <line num="45" type="stmt" count="2"/>
        <line num="48" type="method" name="areInDocker256ColorsSupported" visibility="protected" complexity="1" crap="1" count="2"/>
        <line num="50" type="stmt" count="2"/>
        <line num="59" type="method" name="applyEscaped" visibility="public" complexity="1" crap="1" count="2"/>
        <line num="61" type="stmt" count="2"/>
        <line num="63" type="stmt" count="2"/>
        <line num="73" type="method" name="apply" visibility="public" complexity="3" crap="3" count="36"/>
        <line num="77" type="stmt" count="36"/>
        <line num="78" type="stmt" count="6"/>
        <line num="79" type="stmt" count="4"/>
        <line num="80" type="stmt" count="2"/>
        <line num="81" type="stmt" count="2"/>
        <line num="83" type="stmt" count="1"/>
        <line num="91" type="method" name="addTheme" visibility="public" complexity="2" crap="2" count="14"/>
        <line num="94" type="stmt" count="14"/>
        <line num="95" type="stmt" count="2"/>
        <line num="96" type="stmt" count="2"/>
        <line num="98" type="stmt" count="12"/>
        <metrics loc="99" ncloc="75" classes="1" methods="8" coveredmethods="8" conditionals="0" coveredconditionals="0" statements="22" coveredstatements="22" elements="30" coveredelements="30"/>
      </file>
      <file name="/var/www/src/Themed.php">
        <class name="AlecRabbit\Themed" namespace="AlecRabbit">
          <metrics complexity="11" methods="9" coveredmethods="0" conditionals="0" coveredconditionals="0" statements="18" coveredstatements="0" elements="27" coveredelements="0"/>
        </class>
        <line num="25" type="method" name="__construct" visibility="public" complexity="1" crap="2.00" count="0"/>
        <line num="27" type="stmt" count="0"/>
        <line num="28" type="stmt" count="0"/>
        <line num="29" type="stmt" count="0"/>
        <line num="30" type="stmt" count="0"/>
        <line num="35" type="method" name="setDefaultThemes" visibility="protected" complexity="1" crap="2.00" count="0"/>
        <line num="37" type="stmt" count="0"/>
        <line num="38" type="stmt" count="0"/>
        <line num="39" type="stmt" count="0"/>
        <line num="40" type="stmt" count="0"/>
        <line num="41" type="stmt" count="0"/>
        <line num="48" type="method" name="comment" visibility="public" complexity="1" crap="2.00" count="0"/>
        <line num="51" type="stmt" count="0"/>
        <line num="59" type="method" name="yellow" visibility="public" complexity="1" crap="2.00" count="0"/>
        <line num="62" type="stmt" count="0"/>
        <line num="71" type="method" name="apply" visibility="public" complexity="3" crap="12.00" count="0"/>
        <line num="74" type="stmt" count="0"/>
        <line num="75" type="stmt" count="0"/>
        <line num="78" type="stmt" count="0"/>
        <line num="86" type="method" name="red" visibility="public" complexity="1" crap="2.00" count="0"/>
        <line num="89" type="stmt" count="0"/>
        <line num="97" type="method" name="info" visibility="public" complexity="1" crap="2.00" count="0"/>
        <line num="100" type="stmt" count="0"/>
        <line num="108" type="method" name="green" visibility="public" complexity="1" crap="2.00" count="0"/>
        <line num="111" type="stmt" count="0"/>
        <line num="119" type="method" name="dark" visibility="public" complexity="1" crap="2.00" count="0"/>
        <line num="122" type="stmt" count="0"/>
        <metrics loc="124" ncloc="72" classes="1" methods="9" coveredmethods="0" conditionals="0" coveredconditionals="0" statements="18" coveredstatements="0" elements="27" coveredelements="0"/>
      </file>
    </package>
    <file name="/var/www/src/Contracts/ThemesInterface.php">
      <metrics loc="17" ncloc="12" classes="0" methods="0" coveredmethods="0" conditionals="0" coveredconditionals="0" statements="0" coveredstatements="0" elements="0" coveredelements="0"/>
    </file>
    <package name="AlecRabbit\Exception">
      <file name="/var/www/src/Exception/ColorException.php">
        <class name="AlecRabbit\Exception\ColorException" namespace="AlecRabbit\Exception">
          <metrics complexity="0" methods="0" coveredmethods="0" conditionals="0" coveredconditionals="0" statements="0" coveredstatements="0" elements="0" coveredelements="0"/>
        </class>
        <metrics loc="14" ncloc="9" classes="0" methods="0" coveredmethods="0" conditionals="0" coveredconditionals="0" statements="0" coveredstatements="0" elements="0" coveredelements="0"/>
      </file>
      <file name="/var/www/src/Exception/InvalidStyleException.php">
        <class name="AlecRabbit\Exception\InvalidStyleException" namespace="AlecRabbit\Exception">
          <metrics complexity="0" methods="0" coveredmethods="0" conditionals="0" coveredconditionals="0" statements="0" coveredstatements="0" elements="0" coveredelements="0"/>
        </class>
        <metrics loc="14" ncloc="9" classes="0" methods="0" coveredmethods="0" conditionals="0" coveredconditionals="0" statements="0" coveredstatements="0" elements="0" coveredelements="0"/>
      </file>
    </package>
    <metrics files="5" loc="268" ncloc="177" classes="2" methods="17" coveredmethods="8" conditionals="0" coveredconditionals="0" statements="40" coveredstatements="22" elements="57" coveredelements="30"/>
  </project>
</coverage>
